{
  "stats": {
    "suites": 0,
    "tests": 1,
    "passes": 1,
    "pending": 0,
    "failures": 0,
    "start": "2023-05-01T07:42:33.002Z",
    "end": "2023-05-01T07:42:44.852Z",
    "duration": 11850,
    "testsRegistered": 1,
    "passPercent": 100,
    "pendingPercent": 0,
    "other": 0,
    "hasOther": false,
    "skipped": 0,
    "hasSkipped": false
  },
  "results": [
    {
      "uuid": "1bf87000-081f-465a-821c-73ead7ee17bb",
      "title": "",
      "fullFile": "cypress/e2e/demo1.cy.js",
      "file": "cypress/e2e/demo1.cy.js",
      "beforeHooks": [],
      "afterHooks": [],
      "tests": [
        {
          "title": "Google Search",
          "fullTitle": "Google Search",
          "timedOut": null,
          "duration": 9108,
          "state": "passed",
          "speed": "medium",
          "pass": true,
          "fail": false,
          "pending": false,
          "context": null,
          "code": "cy.visit(\"www.google.com\");\ncy.get('.SDkEP').type(\"Cypress Tutorial\");\ncy.get('.aajZCb > .lJ9FBc > center > .gNO89b').click();",
          "err": {},
          "uuid": "901a2792-4fbc-49d1-a734-da46c8ffa876",
          "parentUUID": "1bf87000-081f-465a-821c-73ead7ee17bb",
          "isHook": false,
          "skipped": false
        }
      ],
      "suites": [],
      "passes": [
        "901a2792-4fbc-49d1-a734-da46c8ffa876"
      ],
      "failures": [],
      "pending": [],
      "skipped": [],
      "duration": 9108,
      "root": true,
      "rootEmpty": false,
      "_timeout": 2000
    }
  ],
  "meta": {
    "mocha": {
      "version": "7.0.1"
    },
    "mochawesome": {
      "options": {
        "quiet": false,
        "reportFilename": "mochawesome",
        "saveHtml": false,
        "saveJson": true,
        "consoleReporter": "spec",
        "useInlineDiffs": false,
        "code": true
      },
      "version": "7.1.3"
    },
    "marge": {
      "options": {
        "reportDir": "cypress/results",
        "overwrite": false,
        "html": false,
        "json": true
      },
      "version": "6.2.0"
    }
  }
}